<?xml version="1.0" encoding="UTF-8"?>
<testsuite name="com.springboot.work.WorkApplicationTests" tests="1" skipped="0" failures="0" errors="0" timestamp="2025-06-10T19:06:05" hostname="unknown4e1afe72f6f5.home" time="0.239">
  <properties/>
  <testcase name="contextLoads()" classname="com.springboot.work.WorkApplicationTests" time="0.239"/>
  <system-out><![CDATA[22:06:04.014 [Test worker] INFO org.springframework.test.context.support.AnnotationConfigContextLoaderUtils -- Could not detect default configuration classes for test class [com.springboot.work.WorkApplicationTests]: WorkApplicationTests does not declare any static, non-private, non-final, nested classes annotated with @Configuration.
22:06:04.043 [Test worker] INFO org.springframework.boot.test.context.SpringBootTestContextBootstrapper -- Found @SpringBootConfiguration com.springboot.work.WorkApplication for test class com.springboot.work.WorkApplicationTests

  .   ____          _            __ _ _
 /\\ / ___'_ __ _ _(_)_ __  __ _ \ \ \ \
( ( )\___ | '_ | '_| | '_ \/ _` | \ \ \ \
 \\/  ___)| |_)| | | | | || (_| |  ) ) ) )
  '  |____| .__|_| |_|_| |_\__, | / / / /
 =========|_|==============|___/=/_/_/_/

 :: Spring Boot ::                (v3.3.2)

2025-06-10T22:06:04.145+03:00  INFO 21423 --- [work] [    Test worker] c.springboot.work.WorkApplicationTests   : Starting WorkApplicationTests using Java 21.0.6 with PID 21423 (started by macbook in /Users/macbook/Documents/learniverse)
2025-06-10T22:06:04.145+03:00  INFO 21423 --- [work] [    Test worker] c.springboot.work.WorkApplicationTests   : No active profile set, falling back to 1 default profile: "default"
2025-06-10T22:06:04.347+03:00  INFO 21423 --- [work] [    Test worker] .s.d.r.c.RepositoryConfigurationDelegate : Bootstrapping Spring Data JPA repositories in DEFAULT mode.
2025-06-10T22:06:04.366+03:00  INFO 21423 --- [work] [    Test worker] .s.d.r.c.RepositoryConfigurationDelegate : Finished Spring Data repository scanning in 17 ms. Found 4 JPA repository interfaces.
2025-06-10T22:06:04.515+03:00  INFO 21423 --- [work] [    Test worker] o.hibernate.jpa.internal.util.LogHelper  : HHH000204: Processing PersistenceUnitInfo [name: default]
2025-06-10T22:06:04.529+03:00  INFO 21423 --- [work] [    Test worker] org.hibernate.Version                    : HHH000412: Hibernate ORM core version 6.5.2.Final
2025-06-10T22:06:04.538+03:00  INFO 21423 --- [work] [    Test worker] o.h.c.internal.RegionFactoryInitiator    : HHH000026: Second-level cache disabled
2025-06-10T22:06:04.618+03:00  INFO 21423 --- [work] [    Test worker] o.s.o.j.p.SpringPersistenceUnitInfo      : No LoadTimeWeaver setup: ignoring JPA class transformer
2025-06-10T22:06:04.625+03:00  INFO 21423 --- [work] [    Test worker] com.zaxxer.hikari.HikariDataSource       : HikariPool-1 - Starting...
2025-06-10T22:06:04.686+03:00  INFO 21423 --- [work] [    Test worker] com.zaxxer.hikari.pool.HikariPool        : HikariPool-1 - Added connection org.postgresql.jdbc.PgConnection@12670e55
2025-06-10T22:06:04.686+03:00  INFO 21423 --- [work] [    Test worker] com.zaxxer.hikari.HikariDataSource       : HikariPool-1 - Start completed.
2025-06-10T22:06:04.977+03:00  INFO 21423 --- [work] [    Test worker] o.h.e.t.j.p.i.JtaPlatformInitiator       : HHH000489: No JTA platform available (set 'hibernate.transaction.jta.platform' to enable JTA platform integration)
2025-06-10T22:06:05.002+03:00  INFO 21423 --- [work] [    Test worker] j.LocalContainerEntityManagerFactoryBean : Initialized JPA EntityManagerFactory for persistence unit 'default'
2025-06-10T22:06:05.166+03:00  WARN 21423 --- [work] [    Test worker] JpaBaseConfiguration$JpaWebConfiguration : spring.jpa.open-in-view is enabled by default. Therefore, database queries may be performed during view rendering. Explicitly configure spring.jpa.open-in-view to disable this warning
2025-06-10T22:06:05.175+03:00  INFO 21423 --- [work] [    Test worker] r$InitializeUserDetailsManagerConfigurer : Global AuthenticationManager configured with UserDetailsService bean with name customUserDetailsService
2025-06-10T22:06:05.357+03:00  INFO 21423 --- [work] [    Test worker] c.springboot.work.WorkApplicationTests   : Started WorkApplicationTests in 1.276 seconds (process running for 1.61)
]]></system-out>
  <system-err><![CDATA[WARNING: A Java agent has been loaded dynamically (/Users/macbook/.gradle/caches/modules-2/files-2.1/net.bytebuddy/byte-buddy-agent/1.14.18/417558ea01fe9f0e8a94af28b9469d281c4e3984/byte-buddy-agent-1.14.18.jar)
WARNING: If a serviceability tool is in use, please run with -XX:+EnableDynamicAgentLoading to hide this warning
WARNING: If a serviceability tool is not in use, please run with -Djdk.instrument.traceUsage for more information
WARNING: Dynamic loading of agents will be disallowed by default in a future release
]]></system-err>
</testsuite>
